This file contains any messages produced by compilers while
running configure, to aid debugging if configure makes a mistake.

It was created by configure, which was
generated by GNU Autoconf 2.69.  Invocation command line was

  $ ./configure 

## --------- ##
## Platform. ##
## --------- ##

hostname = OzeroPCLinux
uname -m = x86_64
uname -r = 3.16.0-51-generic
uname -s = Linux
uname -v = #69~14.04.1-Ubuntu SMP Wed Oct 7 15:32:41 UTC 2015

/usr/bin/uname -p = unknown
/bin/uname -X     = unknown

/bin/arch              = unknown
/usr/bin/arch -k       = unknown
/usr/convex/getsysinfo = unknown
/usr/bin/hostinfo      = unknown
/bin/machine           = unknown
/usr/bin/oslevel       = unknown
/bin/universe          = unknown

PATH: /home/alexander/.dnx/runtimes/dnx-mono.1.0.0-beta8/bin
PATH: /home/alexander/.dnx/bin
PATH: /home/alexander/.opam/system/bin
PATH: /usr/local/sbin
PATH: /usr/local/bin
PATH: /usr/sbin
PATH: /usr/bin
PATH: /sbin
PATH: /bin
PATH: /usr/games
PATH: /usr/local/games


## ----------- ##
## Core tests. ##
## ----------- ##

configure:1832: checking build system type
configure:1846: result: x86_64-unknown-linux-gnu
configure:1866: checking host system type
configure:1879: result: x86_64-unknown-linux-gnu
configure:1899: checking target system type
configure:1912: result: x86_64-unknown-linux-gnu
configure:1965: checking for a BSD-compatible install
configure:2033: result: /usr/bin/install -c
configure:2044: checking whether build environment is sane
configure:2099: result: yes
configure:2250: checking for a thread-safe mkdir -p
configure:2289: result: /bin/mkdir -p
configure:2296: checking for gawk
configure:2326: result: no
configure:2296: checking for mawk
configure:2312: found /usr/bin/mawk
configure:2323: result: mawk
configure:2334: checking whether make sets $(MAKE)
configure:2356: result: yes
configure:2385: checking whether make supports nested variables
configure:2402: result: yes
configure:2599: checking for ocamlc
configure:2615: found /usr/local/bin/ocamlc
configure:2627: result: yes
configure:2642: checking for OCaml version
configure:2645: result: 4.02.3
configure:2651: checking for OCaml library path
configure:2654: result: /usr/local/lib/ocaml
configure:2662: checking for ocamlopt
configure:2678: found /usr/local/bin/ocamlopt
configure:2690: result: yes
configure:2704: checking for ocamlopt version
configure:2707: result: 4.02.3
configure:2722: checking for ocamlc.opt
configure:2738: found /usr/local/bin/ocamlc.opt
configure:2750: result: yes
configure:2762: checking for ocamlc.opt version
configure:2765: result: 4.02.3
configure:2783: checking for ocamlopt.opt
configure:2799: found /usr/local/bin/ocamlopt.opt
configure:2811: result: yes
configure:2823: checking for ocamlopt.opt version
configure:2826: result: 4.02.3
configure:2844: checking for ocamldep
configure:2860: found /usr/local/bin/ocamldep
configure:2872: result: yes
configure:2889: checking for ocamlmktop
configure:2905: found /usr/local/bin/ocamlmktop
configure:2917: result: yes
configure:2935: checking for ocamlmklib
configure:2951: found /usr/local/bin/ocamlmklib
configure:2963: result: yes
configure:2981: checking for ocamldoc
configure:2997: found /usr/local/bin/ocamldoc
configure:3009: result: yes
configure:3026: checking for OCaml C compiler
configure:3030: result: gcc
configure:3034: checking for gcc
configure:3050: found /usr/bin/gcc
configure:3062: result: yes
configure:3086: checking whether the C compiler works
configure:3108: ocamlc.opt conftest.ml && ( rm -f conftest.cm?; test -f camlprog.exe && mv camlprog.exe a.exe || true )
configure:3112: $? = 0
configure:3160: result: yes
configure:3163: checking for C compiler default output file name
configure:3165: result: a.out
configure:3170: checking for suffix of executables
configure:3177: ocamlc.opt conftest.ml && ( rm -f conftest.cm?; test -f camlprog.exe && mv camlprog.exe a.exe || true )
configure:3181: $? = 0
configure:3203: result: 
configure:3231: checking for ocamllex
configure:3247: found /usr/local/bin/ocamllex
configure:3259: result: yes
configure:3274: checking for ocamllex.opt
configure:3290: found /usr/local/bin/ocamllex.opt
configure:3302: result: yes
configure:3320: checking for ocamlyacc
configure:3336: found /usr/local/bin/ocamlyacc
configure:3348: result: yes
configure:3370: checking for camlp4
configure:3386: found /usr/local/bin/camlp4
configure:3398: result: yes
configure:3412: checking for camlp4 version
configure:3415: result: 4.02.3
configure:3439: checking for camlp4o
configure:3455: found /usr/local/bin/camlp4o
configure:3467: result: yes
configure:3482: checking for camlp4of
configure:3498: found /usr/local/bin/camlp4of
configure:3510: result: yes
configure:3525: checking for camlp4r
configure:3541: found /usr/local/bin/camlp4r
configure:3553: result: yes
configure:3568: checking for camlp4rf
configure:3584: found /usr/local/bin/camlp4rf
configure:3596: result: yes
configure:3610: checking for CamlP4 library path
configure:3613: result: /usr/local/lib/ocaml/camlp4
configure:3645: checking for camlp5
configure:3661: found /home/alexander/.opam/system/bin/camlp5
configure:3673: result: yes
configure:3687: checking for camlp5 version
configure:3690: result: Camlp5 version 6.14 (ocaml 4.02.3)
configure:3703: checking for camlp5o
configure:3719: found /home/alexander/.opam/system/bin/camlp5o
configure:3731: result: yes
configure:3746: checking for camlp5r
configure:3762: found /home/alexander/.opam/system/bin/camlp5r
configure:3774: result: yes
configure:3788: checking for CamlP5 library path
configure:3791: result: /home/alexander/.opam/system/lib/camlp5
configure:3827: checking for ocamlfind
configure:3843: found /home/alexander/.opam/system/bin/ocamlfind
configure:3855: result: yes
configure:3956: checking for pa_extend (pa_extend.cmo)
configure:3962: result: found
configure:4016: checking for pa_extend (pa_extend.cmo)
configure:4022: result: found
configure:4072: checking for pa_pprintf (pa_pprintf.cmo)
configure:4078: result: found
configure:4128: checking for q_MLast (q_MLast.cmo)
configure:4134: result: found
configure:4184: checking for Pr_o (pr_o.cmo)
configure:4190: result: found
configure:4240: checking for logger (pa_log.cmo)
configure:4246: result: found
configure:4295: checking for checked (pa_checked.cmo)
configure:4301: result: found
configure:4350: checking for ostap (pa_ostap.cmo)
configure:4356: result: found
configure:4409: checking for str (Str)
configure:4436: result: found
configure:4455: checking for typeutil (View)
configure:4482: result: adding -I /home/alexander/.opam/system/lib/typeutil
configure:4500: checking for settings (Settings)
configure:4527: result: adding -I /home/alexander/.opam/system/lib/settings
configure:4545: checking for checked (Checked)
configure:4572: result: adding -I /home/alexander/.opam/system/lib/checked
configure:4590: checking for ostap (Ostap)
configure:4597: result: adding -I /home/alexander/.opam/system/lib/ostap ostap.cmo
configure:4782: checking that generated files are newer than configure
configure:4788: result: done
configure:4808: creating ./config.status

## ---------------------- ##
## Running config.status. ##
## ---------------------- ##

This file was extended by config.status, which was
generated by GNU Autoconf 2.69.  Invocation command line was

  CONFIG_FILES    = 
  CONFIG_HEADERS  = 
  CONFIG_LINKS    = 
  CONFIG_COMMANDS = 
  $ ./config.status 

on OzeroPCLinux

config.status:823: creating Makefile
config.status:823: creating src/Makefile
config.status:823: creating doc/Makefile
config.status:823: creating regression/Makefile

## ---------------- ##
## Cache variables. ##
## ---------------- ##

ac_cv_build=x86_64-unknown-linux-gnu
ac_cv_env_build_alias_set=
ac_cv_env_build_alias_value=
ac_cv_env_host_alias_set=
ac_cv_env_host_alias_value=
ac_cv_env_target_alias_set=
ac_cv_env_target_alias_value=
ac_cv_host=x86_64-unknown-linux-gnu
ac_cv_path_install='/usr/bin/install -c'
ac_cv_path_mkdir=/bin/mkdir
ac_cv_prog_AWK=mawk
ac_cv_prog_have_camlp4=yes
ac_cv_prog_have_camlp4o=yes
ac_cv_prog_have_camlp4of=yes
ac_cv_prog_have_camlp4r=yes
ac_cv_prog_have_camlp4rf=yes
ac_cv_prog_have_camlp5=yes
ac_cv_prog_have_camlp5o=yes
ac_cv_prog_have_camlp5r=yes
ac_cv_prog_have_ocamlc=yes
ac_cv_prog_have_ocamlcc=yes
ac_cv_prog_have_ocamlcdotopt=yes
ac_cv_prog_have_ocamldep=yes
ac_cv_prog_have_ocamldoc=yes
ac_cv_prog_have_ocamlfind=yes
ac_cv_prog_have_ocamllex=yes
ac_cv_prog_have_ocamllexdotopt=yes
ac_cv_prog_have_ocamlmklib=yes
ac_cv_prog_have_ocamlmktop=yes
ac_cv_prog_have_ocamlopt=yes
ac_cv_prog_have_ocamloptdotopt=yes
ac_cv_prog_have_ocamlyacc=yes
ac_cv_prog_make_make_set=yes
ac_cv_target=x86_64-unknown-linux-gnu
am_cv_make_support_nested_variables=yes

## ----------------- ##
## Output variables. ##
## ----------------- ##

ACLOCAL='${SHELL} /home/alexander/CourseWork/ldta-2011/config/missing aclocal-1.14'
AMTAR='$${TAR-tar}'
AM_BACKSLASH='\'
AM_DEFAULT_V='$(AM_DEFAULT_VERBOSITY)'
AM_DEFAULT_VERBOSITY='1'
AM_V='$(V)'
AUTOCONF='${SHELL} /home/alexander/CourseWork/ldta-2011/config/missing autoconf'
AUTOHEADER='${SHELL} /home/alexander/CourseWork/ldta-2011/config/missing autoheader'
AUTOMAKE='${SHELL} /home/alexander/CourseWork/ldta-2011/config/missing automake-1.14'
AWK='mawk'
BFLAGS='$(AM_BFLAGS)'
CAMLP4='camlp4'
CAMLP4LIB='/usr/local/lib/ocaml/camlp4'
CAMLP4O='camlp4o'
CAMLP4OF='camlp4of'
CAMLP4R='camlp4r'
CAMLP4RF='camlp4rf'
CAMLP4_FALSE='#'
CAMLP4_TRUE=''
CAMLP5='camlp5'
CAMLP5LIB='/home/alexander/.opam/system/lib/camlp5'
CAMLP5O='camlp5o'
CAMLP5R='camlp5r'
CAMLP5_FALSE='#'
CAMLP5_TRUE=''
CFLAGS=''
CYGPATH_W='echo'
DEBUG=''
DEFS='-DPACKAGE_NAME=\"\" -DPACKAGE_TARNAME=\"\" -DPACKAGE_VERSION=\"\" -DPACKAGE_STRING=\"\" -DPACKAGE_BUGREPORT=\"\" -DPACKAGE_URL=\"\"'
ECHO_C=''
ECHO_N='-n'
ECHO_T=''
EXEEXT=''
EXTRA_CMA=' str.cma typeutil.cma settings.cma checked.cma ostap.cmo'
HAVE_OCAMLFIND_FALSE='#'
HAVE_OCAMLFIND_TRUE=''
INSTALL_DATA='${INSTALL} -m 644'
INSTALL_PROGRAM='${INSTALL}'
INSTALL_SCRIPT='${INSTALL}'
INSTALL_STRIP_PROGRAM='$(install_sh) -c -s'
LIBOBJS=''
LIBS=''
LOG=''
LTLIBOBJS=''
MAKEINFO='${SHELL} /home/alexander/CourseWork/ldta-2011/config/missing makeinfo'
META='/home/alexander/.opam/system/lib/ostap/META'
MINGW32_FALSE=''
MINGW32_TRUE='#'
MKDIR_P='/bin/mkdir -p'
MODULE_INCLUDES=' -I /home/alexander/.opam/system/lib/typeutil -I /home/alexander/.opam/system/lib/settings -I /home/alexander/.opam/system/lib/checked -I /home/alexander/.opam/system/lib/ostap'
OCAMLC='ocamlc.opt'
OCAMLDEP='ocamldep'
OCAMLDOC='ocamldoc'
OCAMLDSORT='echo'
OCAMLFIND='ocamlfind'
OCAMLLEX='ocamllex.opt'
OCAMLLIB='/usr/local/lib/ocaml'
OCAMLMKLIB='ocamlmklib'
OCAMLMKTOP='ocamlmktop'
OCAMLOPT='ocamlopt.opt'
OCAMLVERSION='4.02.3'
OCAMLYACC='ocamlyacc'
OFLAGS='$(AM_OFLAGS)'
P4FLAGS='$(AM_P4FLAGS)'
P5FLAGS='$(AM_P5FLAGS)'
PACKAGE='ldta2011'
PACKAGE_BUGREPORT=''
PACKAGE_NAME=''
PACKAGE_STRING=''
PACKAGE_TARNAME=''
PACKAGE_URL=''
PACKAGE_VERSION=''
PARSER_INCLUDES=''
PATH_SEPARATOR=':'
SET_MAKE=''
SHELL='/bin/bash'
SITELIBDIR=''
STRIP=''
VERSION=''
ac_aux_dir='config'
am__isrc=''
am__leading_dot='.'
am__tar='$${TAR-tar} chof - "$$tardir"'
am__untar='$${TAR-tar} xf -'
bindir='${exec_prefix}/bin'
build='x86_64-unknown-linux-gnu'
build_alias=''
build_cpu='x86_64'
build_os='linux-gnu'
build_vendor='unknown'
datadir='${datarootdir}'
datarootdir='${prefix}/share'
docdir='${datarootdir}/doc/${PACKAGE}'
dvidir='${docdir}'
exec_prefix='${prefix}'
have_camlp4='yes'
have_camlp4o='yes'
have_camlp4of='yes'
have_camlp4r='yes'
have_camlp4rf='yes'
have_camlp5='yes'
have_camlp5o='yes'
have_camlp5r='yes'
have_ocamlc='yes'
have_ocamlcc='yes'
have_ocamlcdotopt='yes'
have_ocamldep='yes'
have_ocamldoc='yes'
have_ocamldsort=''
have_ocamlfind='yes'
have_ocamllex='yes'
have_ocamllexdotopt='yes'
have_ocamlmklib='yes'
have_ocamlmktop='yes'
have_ocamlopt='yes'
have_ocamloptdotopt='yes'
have_ocamlyacc='yes'
host='x86_64-unknown-linux-gnu'
host_alias=''
host_cpu='x86_64'
host_os='linux-gnu'
host_vendor='unknown'
htmldir='${docdir}'
includedir='${prefix}/include'
infodir='${datarootdir}/info'
install_sh='${SHELL} /home/alexander/CourseWork/ldta-2011/config/install-sh'
libdir='${exec_prefix}/lib'
libexecdir='${exec_prefix}/libexec'
localedir='${datarootdir}/locale'
localstatedir='${prefix}/var'
mandir='${datarootdir}/man'
mkdir_p='$(MKDIR_P)'
oldincludedir='/usr/include'
pdfdir='${docdir}'
prefix='/usr/local'
program_transform_name='s,x,x,'
psdir='${docdir}'
sbindir='${exec_prefix}/sbin'
sharedstatedir='${prefix}/com'
sysconfdir='${prefix}/etc'
target='x86_64-unknown-linux-gnu'
target_alias=''
target_cpu='x86_64'
target_os='linux-gnu'
target_vendor='unknown'

## ----------- ##
## confdefs.h. ##
## ----------- ##

/* confdefs.h */
#define PACKAGE_NAME ""
#define PACKAGE_TARNAME ""
#define PACKAGE_VERSION ""
#define PACKAGE_STRING ""
#define PACKAGE_BUGREPORT ""
#define PACKAGE_URL ""

configure: exit 0
